{"/Users/longzhao/Developer/toy-robot/src/components/App/components/Game/components/Status/Status.jsx": {"path":"/Users/longzhao/Developer/toy-robot/src/components/App/components/Game/components/Status/Status.jsx","all":false,"statementMap":{"0":{"start":{"line":1,"column":0},"end":{"line":1,"column":36}},"1":{"start":{"line":2,"column":0},"end":{"line":2,"column":7}},"2":{"start":{"line":3,"column":0},"end":{"line":3,"column":32}},"3":{"start":{"line":4,"column":0},"end":{"line":4,"column":32}},"4":{"start":{"line":5,"column":0},"end":{"line":5,"column":32}},"5":{"start":{"line":6,"column":0},"end":{"line":6,"column":8}},"8":{"start":{"line":9,"column":0},"end":{"line":9,"column":22}}},"s":{"0":1,"1":1,"2":1,"3":1,"4":1,"5":1,"8":1},"branchMap":{"0":{"type":"branch","line":1,"loc":{"start":{"line":1,"column":15},"end":{"line":6,"column":8}},"locations":[{"start":{"line":1,"column":15},"end":{"line":6,"column":8}}]}},"b":{"0":[1]},"fnMap":{"0":{"name":"Status","decl":{"start":{"line":1,"column":15},"end":{"line":6,"column":8}},"loc":{"start":{"line":1,"column":15},"end":{"line":6,"column":8}},"line":1}},"f":{"0":1}}
}
